==============================================================================
Sleep + activity covariate-adjusted primary onset models
==============================================================================
  Mean Wave-2 covariates available:   n = 4,982
  SD-of-daily Wave-2 covariates (≥7 days): n = 4,819
  Within-person rhythm SD features: n = 7,230

=== Depression ===
  [between-person × mean covariates] same-N row set: n = 2,859, cases = 322
    Mesor                 base OR = 1.20, 95% CI [1.06, 1.36], p = 0.00384
    Mesor                 adj  OR = 1.18, 95% CI [1.04, 1.34], p = 0.00917
    Amplitude             base OR = 0.99, 95% CI [0.88, 1.11], p = 0.802
    Amplitude             adj  OR = 1.08, 95% CI [0.94, 1.24], p = 0.291
    Acrophase             base OR = 0.99, 95% CI [0.88, 1.11], p = 0.85
    Acrophase             adj  OR = 0.95, 95% CI [0.85, 1.07], p = 0.402
  [within-person × SD-of-daily covariates] (same-N row set defined per predictor)
    SD daily mesor        n = 2,752, cases = 299; base OR = 1.09, 95% CI [0.98, 1.22], p = 0.127 | adj OR = 1.07, 95% CI [0.96, 1.20], p = 0.227
    SD daily amplitude    n = 2,752, cases = 299; base OR = 1.01, 95% CI [0.90, 1.14], p = 0.814 | adj OR = 1.00, 95% CI [0.88, 1.14], p = 0.993
    SD daily acrophase    n = 2,752, cases = 299; base OR = 1.07, 95% CI [0.97, 1.19], p = 0.192 | adj OR = 1.03, 95% CI [0.93, 1.16], p = 0.54

=== Obesity ===
  [between-person × mean covariates] same-N row set: n = 2,720, cases = 315
    Mesor                 base OR = 1.23, 95% CI [1.09, 1.38], p = 0.000549
    Mesor                 adj  OR = 1.18, 95% CI [1.05, 1.33], p = 0.0057
    Amplitude             base OR = 0.86, 95% CI [0.76, 0.97], p = 0.0129
    Amplitude             adj  OR = 0.75, 95% CI [0.64, 0.87], p = 0.000115
    Acrophase             base OR = 1.20, 95% CI [1.07, 1.35], p = 0.00233
    Acrophase             adj  OR = 1.17, 95% CI [1.04, 1.31], p = 0.00669
  [within-person × SD-of-daily covariates] (same-N row set defined per predictor)
    SD daily mesor        n = 2,623, cases = 292; base OR = 1.19, 95% CI [1.07, 1.32], p = 0.00124 | adj OR = 1.17, 95% CI [1.04, 1.31], p = 0.00883
    SD daily amplitude    n = 2,623, cases = 292; base OR = 1.14, 95% CI [1.01, 1.28], p = 0.0287 | adj OR = 1.13, 95% CI [1.00, 1.29], p = 0.0569
    SD daily acrophase    n = 2,623, cases = 292; base OR = 1.14, 95% CI [1.03, 1.27], p = 0.0135 | adj OR = 1.08, 95% CI [0.97, 1.21], p = 0.162

=== Hypertension ===
  [between-person × mean covariates] same-N row set: n = 1,558, cases = 160
    Mesor                 base OR = 1.27, 95% CI [1.06, 1.52], p = 0.00999
    Mesor                 adj  OR = 1.15, 95% CI [0.95, 1.38], p = 0.146
    Amplitude             base OR = 0.87, 95% CI [0.73, 1.03], p = 0.111
    Amplitude             adj  OR = 0.87, 95% CI [0.71, 1.07], p = 0.18
    Acrophase             base OR = 1.19, 95% CI [1.01, 1.40], p = 0.036
    Acrophase             adj  OR = 1.12, 95% CI [0.96, 1.32], p = 0.146
  [within-person × SD-of-daily covariates] (same-N row set defined per predictor)
    SD daily mesor        n = 1,685, cases = 154; base OR = 1.12, 95% CI [0.94, 1.33], p = 0.208 | adj OR = 1.05, 95% CI [0.88, 1.27], p = 0.576
    SD daily amplitude    n = 1,685, cases = 154; base OR = 1.01, 95% CI [0.85, 1.19], p = 0.939 | adj OR = 0.95, 95% CI [0.78, 1.15], p = 0.576
    SD daily acrophase    n = 1,685, cases = 154; base OR = 1.10, 95% CI [0.95, 1.27], p = 0.208 | adj OR = 1.00, 95% CI [0.85, 1.18], p = 0.984

Wrote /Users/eu/Library/CloudStorage/OneDrive-Stanford/Research Projects/1 - Data/ABCD/ABCD Actigraphy Resource Paper/fitbit_prediction_github/results/tables/sleep_activity_covariate_adjusted.tsv
Wrote /Users/eu/Library/CloudStorage/OneDrive-Stanford/Research Projects/1 - Data/ABCD/ABCD Actigraphy Resource Paper/fitbit_prediction_github/results/sensitivity/within_person_adjustment.csv

--- Within-person base vs adjusted side-by-side ---

  Depression:
    SD daily mesor          base OR = 1.09 [0.98, 1.22], p = 0.127  ||  adj OR = 1.07 [0.96, 1.20], p = 0.227
    SD daily amplitude      base OR = 1.01 [0.90, 1.14], p = 0.814  ||  adj OR = 1.00 [0.88, 1.14], p = 0.993
    SD daily acrophase      base OR = 1.07 [0.97, 1.19], p = 0.192  ||  adj OR = 1.03 [0.93, 1.16], p = 0.54

  Obesity:
    SD daily mesor          base OR = 1.19 [1.07, 1.32], p = 0.00124  ||  adj OR = 1.17 [1.04, 1.31], p = 0.00883
    SD daily amplitude      base OR = 1.14 [1.01, 1.28], p = 0.0287  ||  adj OR = 1.13 [1.00, 1.29], p = 0.0569 [sig flip]
    SD daily acrophase      base OR = 1.14 [1.03, 1.27], p = 0.0135  ||  adj OR = 1.08 [0.97, 1.21], p = 0.162 [sig flip]

  Hypertension:
    SD daily mesor          base OR = 1.12 [0.94, 1.33], p = 0.208  ||  adj OR = 1.05 [0.88, 1.27], p = 0.576
    SD daily amplitude      base OR = 1.01 [0.85, 1.19], p = 0.939  ||  adj OR = 0.95 [0.78, 1.15], p = 0.576
    SD daily acrophase      base OR = 1.10 [0.95, 1.27], p = 0.208  ||  adj OR = 1.00 [0.85, 1.18], p = 0.984